[debug] [2025-07-07T04:04:49.639Z] ----------------------------------------------------------------------
[debug] [2025-07-07T04:04:49.641Z] Command:       /home/zesky/.nvm/versions/node/v20.19.2/bin/node /home/zesky/.nvm/versions/node/v20.19.2/bin/firebase init
[debug] [2025-07-07T04:04:49.642Z] CLI Version:   14.9.0
[debug] [2025-07-07T04:04:49.642Z] Platform:      linux
[debug] [2025-07-07T04:04:49.642Z] Node Version:  v20.19.2
[debug] [2025-07-07T04:04:49.642Z] Time:          Mon Jul 07 2025 13:04:49 GMT+0900 (Korean Standard Time)
[debug] [2025-07-07T04:04:49.642Z] ----------------------------------------------------------------------
[debug] 
[debug] [2025-07-07T04:04:49.648Z] > command requires scopes: ["email","openid","https://www.googleapis.com/auth/cloudplatformprojects.readonly","https://www.googleapis.com/auth/firebase","https://www.googleapis.com/auth/cloud-platform"]
[debug] [2025-07-07T04:04:49.648Z] > authorizing via signed-in user (zeskywa499@gmail.com)
[info] 
     ######## #### ########  ######## ########     ###     ######  ########
     ##        ##  ##     ## ##       ##     ##  ##   ##  ##       ##
     ######    ##  ########  ######   ########  #########  ######  ######
     ##        ##  ##    ##  ##       ##     ## ##     ##       ## ##
     ##       #### ##     ## ######## ########  ##     ##  ######  ########

You're about to initialize a Firebase project in this directory:

  /mnt/d/mabi-companion

Before we get started, keep in mind:

  * You are currently outside your home directory

[debug] [2025-07-07T04:06:35.840Z] ExitPromptError: User force closed the prompt with SIGINT
    at Interface.sigint (/home/zesky/.nvm/versions/node/v20.19.2/lib/node_modules/firebase-tools/node_modules/@inquirer/core/dist/commonjs/lib/create-prompt.js:101:37)
    at Interface.emit (node:events:524:28)
    at Interface.emit (node:domain:489:12)
    at [_ttyWrite] [as _ttyWrite] (node:internal/readline/interface:1125:18)
    at ReadStream.onkeypress (node:internal/readline/interface:264:20)
    at ReadStream.emit (node:events:536:35)
    at ReadStream.emit (node:domain:489:12)
    at emitKeys (node:internal/readline/utils:371:14)
    at emitKeys.next (<anonymous>)
    at ReadStream.onData (node:internal/readline/emitKeypressEvents:64:36)
[error] 
[error] Error: An unexpected error has occurred.
